# JRE version: Java(TM) SE Runtime Environment (8.0_91-b14) (build 1.8.0_91-b14)
# Java VM: Java HotSpot(TM) 64-Bit Server VM (25.91-b14 mixed mode linux-amd64 compressed oops)
Heap:
 PSYoungGen      total 728576K, used 272918K [0x000000076ab00000, 0x00000007b3d00000, 0x00000007c0000000)
  eden space 262656K, 0% used [0x000000076ab00000,0x000000076ab00000,0x000000077ab80000)
  from space 465920K, 58% used [0x0000000797280000,0x00000007a7d05820,0x00000007b3980000)
  to   space 465920K, 0% used [0x000000077ab80000,0x000000077ab80000,0x0000000797280000)
 ParOldGen       total 1481728K, used 1481584K [0x00000006c0000000, 0x000000071a700000, 0x000000076ab00000)
  object space 1481728K, 99% used [0x00000006c0000000,0x000000071a6dc2f8,0x000000071a700000)
 Metaspace       used 6999K, capacity 7232K, committed 7424K, reserved 1056768K
  class space    used 903K, capacity 944K, committed 1024K, reserved 1048576K
GC Heap History (10 events):
Event: 55.094 GC heap after
Heap after GC invocations=30 (full 7):
 PSYoungGen      total 603136K, used 221005K [0x000000076ab00000, 0x00000007aad80000, 0x00000007c0000000)
  eden space 227328K, 0% used [0x000000076ab00000,0x000000076ab00000,0x0000000778900000)
  from space 375808K, 58% used [0x0000000790e00000,0x000000079e5d36a0,0x00000007a7d00000)
  to   space 398336K, 0% used [0x0000000778900000,0x0000000778900000,0x0000000790e00000)
 ParOldGen       total 1481728K, used 1135007K [0x00000006c0000000, 0x000000071a700000, 0x000000076ab00000)
  object space 1481728K, 76% used [0x00000006c0000000,0x0000000705467f30,0x000000071a700000)
 Metaspace       used 6999K, capacity 7232K, committed 7424K, reserved 1056768K
  class space    used 903K, capacity 944K, committed 1024K, reserved 1048576K
}
Event: 55.469 GC heap before
{Heap before GC invocations=31 (full 7):
 PSYoungGen      total 603136K, used 448333K [0x000000076ab00000, 0x00000007aad80000, 0x00000007c0000000)
  eden space 227328K, 100% used [0x000000076ab00000,0x0000000778900000,0x0000000778900000)
  from space 375808K, 58% used [0x0000000790e00000,0x000000079e5d36a0,0x00000007a7d00000)
  to   space 398336K, 0% used [0x0000000778900000,0x0000000778900000,0x0000000790e00000)
 ParOldGen       total 1481728K, used 1135007K [0x00000006c0000000, 0x000000071a700000, 0x000000076ab00000)
  object space 1481728K, 76% used [0x00000006c0000000,0x0000000705467f30,0x000000071a700000)
 Metaspace       used 6999K, capacity 7232K, committed 7424K, reserved 1056768K
  class space    used 903K, capacity 944K, committed 1024K, reserved 1048576K
Event: 56.876 GC heap after
Heap after GC invocations=31 (full 7):
 PSYoungGen      total 625664K, used 251780K [0x000000076ab00000, 0x00000007ace80000, 0x00000007c0000000)
  eden space 227328K, 0% used [0x000000076ab00000,0x000000076ab00000,0x0000000778900000)
  from space 398336K, 63% used [0x0000000778900000,0x0000000787ee12f0,0x0000000790e00000)
  to   space 407552K, 0% used [0x0000000794080000,0x0000000794080000,0x00000007ace80000)
 ParOldGen       total 1481728K, used 1218807K [0x00000006c0000000, 0x000000071a700000, 0x000000076ab00000)
  object space 1481728K, 82% used [0x00000006c0000000,0x000000070a63df30,0x000000071a700000)
 Metaspace       used 6999K, capacity 7232K, committed 7424K, reserved 1056768K
  class space    used 903K, capacity 944K, committed 1024K, reserved 1048576K
}
Event: 57.265 GC heap before
{Heap before GC invocations=32 (full 7):
 PSYoungGen      total 625664K, used 479108K [0x000000076ab00000, 0x00000007ace80000, 0x00000007c0000000)
  eden space 227328K, 100% used [0x000000076ab00000,0x0000000778900000,0x0000000778900000)
  from space 398336K, 63% used [0x0000000778900000,0x0000000787ee12f0,0x0000000790e00000)
  to   space 407552K, 0% used [0x0000000794080000,0x0000000794080000,0x00000007ace80000)
 ParOldGen       total 1481728K, used 1218807K [0x00000006c0000000, 0x000000071a700000, 0x000000076ab00000)
  object space 1481728K, 82% used [0x00000006c0000000,0x000000070a63df30,0x000000071a700000)
 Metaspace       used 6999K, capacity 7232K, committed 7424K, reserved 1056768K
  class space    used 903K, capacity 944K, committed 1024K, reserved 1048576K
Event: 57.963 GC heap after
Heap after GC invocations=32 (full 7):
 PSYoungGen      total 633856K, used 352420K [0x000000076ab00000, 0x00000007b1c80000, 0x00000007c0000000)
  eden space 226304K, 0% used [0x000000076ab00000,0x000000076ab00000,0x0000000778800000)
  from space 407552K, 86% used [0x0000000794080000,0x00000007a98a92f0,0x00000007ace80000)
  to   space 451072K, 0% used [0x0000000778800000,0x0000000778800000,0x0000000794080000)
 ParOldGen       total 1481728K, used 1218807K [0x00000006c0000000, 0x000000071a700000, 0x000000076ab00000)
  object space 1481728K, 82% used [0x00000006c0000000,0x000000070a63df30,0x000000071a700000)
 Metaspace       used 6999K, capacity 7232K, committed 7424K, reserved 1056768K
  class space    used 903K, capacity 944K, committed 1024K, reserved 1048576K
}
Event: 58.537 GC heap before
{Heap before GC invocations=33 (full 7):
 PSYoungGen      total 633856K, used 578724K [0x000000076ab00000, 0x00000007b1c80000, 0x00000007c0000000)
  eden space 226304K, 100% used [0x000000076ab00000,0x0000000778800000,0x0000000778800000)
  from space 407552K, 86% used [0x0000000794080000,0x00000007a98a92f0,0x00000007ace80000)
  to   space 451072K, 0% used [0x0000000778800000,0x0000000778800000,0x0000000794080000)
 ParOldGen       total 1481728K, used 1218807K [0x00000006c0000000, 0x000000071a700000, 0x000000076ab00000)
  object space 1481728K, 82% used [0x00000006c0000000,0x000000070a63df30,0x000000071a700000)
 Metaspace       used 6999K, capacity 7232K, committed 7424K, reserved 1056768K
  class space    used 903K, capacity 944K, committed 1024K, reserved 1048576K
Event: 59.367 GC heap after
Heap after GC invocations=33 (full 7):
 PSYoungGen      total 677376K, used 451044K [0x000000076ab00000, 0x00000007b3980000, 0x00000007c0000000)
  eden space 226304K, 0% used [0x000000076ab00000,0x000000076ab00000,0x0000000778800000)
  from space 451072K, 99% used [0x0000000778800000,0x00000007940792f0,0x0000000794080000)
  to   space 465920K, 0% used [0x0000000797280000,0x0000000797280000,0x00000007b3980000)
 ParOldGen       total 1481728K, used 1220263K [0x00000006c0000000, 0x000000071a700000, 0x000000076ab00000)
  object space 1481728K, 82% used [0x00000006c0000000,0x000000070a7a9f30,0x000000071a700000)
 Metaspace       used 6999K, capacity 7232K, committed 7424K, reserved 1056768K
  class space    used 903K, capacity 944K, committed 1024K, reserved 1048576K
}
Event: 59.786 GC heap before
{Heap before GC invocations=34 (full 7):
 PSYoungGen      total 677376K, used 677348K [0x000000076ab00000, 0x00000007b3980000, 0x00000007c0000000)
  eden space 226304K, 100% used [0x000000076ab00000,0x0000000778800000,0x0000000778800000)
  from space 451072K, 99% used [0x0000000778800000,0x00000007940792f0,0x0000000794080000)
  to   space 465920K, 0% used [0x0000000797280000,0x0000000797280000,0x00000007b3980000)
 ParOldGen       total 1481728K, used 1220263K [0x00000006c0000000, 0x000000071a700000, 0x000000076ab00000)
  object space 1481728K, 82% used [0x00000006c0000000,0x000000070a7a9f30,0x000000071a700000)
 Metaspace       used 6999K, capacity 7232K, committed 7424K, reserved 1056768K
  class space    used 903K, capacity 944K, committed 1024K, reserved 1048576K
Event: 61.039 GC heap after
Heap after GC invocations=34 (full 7):
 PSYoungGen      total 728576K, used 413540K [0x000000076ab00000, 0x00000007b3d00000, 0x00000007c0000000)
  eden space 262656K, 0% used [0x000000076ab00000,0x000000076ab00000,0x000000077ab80000)
  from space 465920K, 88% used [0x0000000797280000,0x00000007b06592f0,0x00000007b3980000)
  to   space 465920K, 0% used [0x000000077ab80000,0x000000077ab80000,0x0000000797280000)
 ParOldGen       total 1481728K, used 1358391K [0x00000006c0000000, 0x000000071a700000, 0x000000076ab00000)
  object space 1481728K, 91% used [0x00000006c0000000,0x0000000712e8df30,0x000000071a700000)
 Metaspace       used 6999K, capacity 7232K, committed 7424K, reserved 1056768K
  class space    used 903K, capacity 944K, committed 1024K, reserved 1048576K
}
Event: 61.039 GC heap before
{Heap before GC invocations=35 (full 8):
 PSYoungGen      total 728576K, used 413540K [0x000000076ab00000, 0x00000007b3d00000, 0x00000007c0000000)
  eden space 262656K, 0% used [0x000000076ab00000,0x000000076ab00000,0x000000077ab80000)
  from space 465920K, 88% used [0x0000000797280000,0x00000007b06592f0,0x00000007b3980000)
  to   space 465920K, 0% used [0x000000077ab80000,0x000000077ab80000,0x0000000797280000)
 ParOldGen       total 1481728K, used 1358391K [0x00000006c0000000, 0x000000071a700000, 0x000000076ab00000)
  object space 1481728K, 91% used [0x00000006c0000000,0x0000000712e8df30,0x000000071a700000)
 Metaspace       used 6999K, capacity 7232K, committed 7424K, reserved 1056768K
  class space    used 903K, capacity 944K, committed 1024K, reserved 1048576K

